<?xml version="1.0" encoding="UTF-8"?>
<!-- Generated by org.testng.reporters.JUnitReportReporter -->
<testsuite hostname="ram" failures="0" tests="1" name="com.api.JsonAutomation" time="3.025" errors="0" timestamp="2024-09-21T13:52:19 IST" skipped="0">
  <testcase classname="com.api.JsonAutomation" name="createEmployee" time="3.025"/>
</testsuite> <!-- com.api.JsonAutomation -->
